2025-12-17 18:05:22 [INFO]: El servidor está escuchando en el puerto 3000
2025-12-17 18:05:27 [INFO]: ✅ Mongoose conectado a MongoDB en: edisoncloud-shard-00-01.ux4si.mongodb.net
2025-12-17 18:05:27 [INFO]: 🚀 MongoDB conectado correctamente
2025-12-17 18:05:31 [ERROR]: Error inesperado: connect ETIMEDOUT
2025-12-17 18:05:32 [ERROR]: No se pudo conectar a la base de datos: connect ETIMEDOUT
2025-12-17 18:05:32 [ERROR]: Error al sincronizar la Base de Datos: SequelizeConnectionError: connect ETIMEDOUT
2025-12-17 18:06:33 [INFO]: El servidor está escuchando en el puerto 3000
2025-12-17 18:06:33 [INFO]: Base de datos conectada
2025-12-17 18:06:34 [INFO]: Conexión establecida con la base de datos
2025-12-17 18:06:41 [INFO]: ✅ Mongoose conectado a MongoDB en: edisoncloud-shard-00-02.ux4si.mongodb.net
2025-12-17 18:06:41 [INFO]: 🚀 MongoDB conectado correctamente
2025-12-17 18:06:58 [INFO]: Base de Datos sincronizadas
2025-12-17 18:11:21 [INFO]: El servidor está escuchando en el puerto 3000
2025-12-17 18:11:23 [INFO]: Conexión establecida con la base de datos
2025-12-17 18:11:25 [INFO]: Base de datos conectada
2025-12-17 18:11:26 [INFO]: ✅ Mongoose conectado a MongoDB en: edisoncloud-shard-00-00.ux4si.mongodb.net
2025-12-17 18:11:26 [INFO]: 🚀 MongoDB conectado correctamente
2025-12-17 18:11:45 [INFO]: Base de Datos sincronizadas
2025-12-17 18:12:02 [INFO]: [0mPOST /auth/login [33m401[0m 121.023 ms - 67[0m
2025-12-17 18:15:43 [INFO]: [0mPOST /auth/register [32m201[0m 747.577 ms - 202[0m
2025-12-17 18:16:15 [INFO]: [0mPOST /auth/login [33m401[0m 150.214 ms - 67[0m
2025-12-17 18:16:23 [INFO]: [0mPOST /auth/login [32m200[0m 386.945 ms - 196[0m
2025-12-17 18:16:37 [INFO]: [0mPOST /auth/login [32m200[0m 600.696 ms - 196[0m
2025-12-17 18:18:14 [INFO]: [0mPOST /auth/register [32m201[0m 590.316 ms - 203[0m
2025-12-17 18:18:27 [INFO]: [0mPOST /auth/login [32m200[0m 595.489 ms - 197[0m
2025-12-17 18:18:51 [INFO]: El servidor está escuchando en el puerto 3000
2025-12-17 22:01:34 [INFO]: El servidor está escuchando en el puerto 3000
2025-12-17 22:01:38 [INFO]: Conexión establecida con la base de datos
2025-12-17 22:01:39 [INFO]: Base de datos conectada
2025-12-17 22:01:40 [INFO]: ✅ Mongoose conectado a MongoDB en: edisoncloud-shard-00-01.ux4si.mongodb.net
2025-12-17 22:01:40 [INFO]: 🚀 MongoDB conectado correctamente
2025-12-17 22:02:00 [INFO]: Base de Datos sincronizadas
2025-12-17 22:03:29 [INFO]: [0mPOST /auth/register [33m400[0m 325.464 ms - 72[0m
2025-12-17 22:04:00 [INFO]: [0mPOST /auth/register [33m400[0m 207.410 ms - 72[0m
2025-12-17 22:04:14 [INFO]: [0mPOST /auth/login [33m401[0m 102.992 ms - 67[0m
2025-12-17 22:04:22 [INFO]: [0mPOST /auth/login [33m401[0m 105.491 ms - 67[0m
2025-12-17 22:04:26 [INFO]: [0mPOST /auth/login [33m401[0m 103.258 ms - 67[0m
2025-12-17 22:04:47 [INFO]: [0mPOST /auth/login [33m401[0m 100.837 ms - 67[0m
2025-12-17 22:05:16 [INFO]: [0mPOST /auth/login [33m401[0m 101.449 ms - 67[0m
2025-12-17 22:05:19 [INFO]: [0mPOST /auth/login [33m401[0m 104.334 ms - 67[0m
2025-12-17 22:11:49 [INFO]: [0mPOST /auth/register [32m201[0m 730.492 ms - 211[0m
2025-12-17 22:12:03 [INFO]: [0mPOST /auth/login [32m200[0m 370.382 ms - 205[0m
2025-12-17 22:53:08 [INFO]: El servidor está escuchando en el puerto 3000
2025-12-17 22:53:10 [INFO]: Base de datos conectada
2025-12-28 20:57:11 [INFO]: El servidor está escuchando en el puerto 3000
2025-12-28 20:57:12 [INFO]: Base de datos conectada
2025-12-28 20:57:13 [INFO]: Conexión establecida con la base de datos
2025-12-28 20:57:13 [INFO]: ✅ Mongoose conectado a MongoDB en: edisoncloud-shard-00-00.ux4si.mongodb.net
2025-12-28 20:57:13 [INFO]: 🚀 MongoDB conectado correctamente
2025-12-28 20:57:29 [INFO]: [0mGET /api-docs?id=17e20d36-2afd-45e2-877a-2f62854d74a5&vscodeBrowserReqId=1766973449113 [36m301[0m 4.018 ms - 235[0m
2025-12-28 20:57:29 [INFO]: [0mGET /api-docs/?id=17e20d36-2afd-45e2-877a-2f62854d74a5&vscodeBrowserReqId=1766973449113 [32m200[0m 2.849 ms - -[0m
2025-12-28 20:57:35 [INFO]: Base de Datos sincronizadas
2025-12-28 20:57:37 [INFO]: [0mGET /api-docs [36m301[0m 1.224 ms - 158[0m
2025-12-28 20:57:37 [INFO]: [0mGET /api-docs/ [32m200[0m 1.097 ms - -[0m
2025-12-28 20:57:37 [INFO]: [0mGET /api-docs/swagger-ui-init.js [32m200[0m 0.859 ms - -[0m
2025-12-28 20:57:37 [INFO]: [0mGET /api-docs/swagger-ui.css [32m200[0m 6.523 ms - -[0m
2025-12-28 20:57:37 [INFO]: [0mGET /api-docs/swagger-ui-init.js [32m200[0m 0.998 ms - -[0m
2025-12-28 20:57:37 [INFO]: [0mGET /api-docs/swagger-ui-standalone-preset.js [32m200[0m 6.176 ms - -[0m
2025-12-28 20:57:37 [INFO]: [0mGET /api-docs/swagger-ui-standalone-preset.js [32m200[0m 1.454 ms - -[0m
2025-12-28 20:57:37 [INFO]: [0mGET /api-docs/swagger-ui-bundle.js [32m200[0m 7.335 ms - -[0m
2025-12-28 20:57:37 [INFO]: [0mGET /api-docs/favicon-32x32.png [32m200[0m 1.415 ms - 628[0m
2025-12-28 20:57:38 [INFO]: [0mGET /api-docs/swagger-ui-bundle.js [32m200[0m 1.321 ms - -[0m
2025-12-28 20:57:53 [ERROR]: Error al mostrar citas: Error: Unknown column 'c.usuarioIdUser' in 'on clause'
2025-12-28 20:57:53 [INFO]: [0mGET /cita/lista [31m500[0m 115.206 ms - 98[0m
2025-12-28 20:58:08 [INFO]: [0mPOST /cita/crear [32m201[0m 431.628 ms - 49[0m
2025-12-28 20:58:41 [ERROR]: Error al mostrar citas: Error: Unknown column 'c.usuarioIdUser' in 'on clause'
2025-12-28 20:58:41 [INFO]: [0mGET /cita/lista [31m500[0m 110.370 ms - 98[0m
2025-12-28 20:58:50 [ERROR]: Error al mostrar citas: Error: Unknown column 'c.usuarioIdUser' in 'on clause'
2025-12-28 20:58:50 [INFO]: [0mGET /cita/lista [31m500[0m 109.082 ms - 98[0m
2025-12-28 21:02:28 [INFO]: El servidor está escuchando en el puerto 3000
2025-12-28 21:02:29 [INFO]: Base de datos conectada
2025-12-28 21:02:29 [INFO]: Conexión establecida con la base de datos
2025-12-28 21:02:30 [INFO]: ✅ Mongoose conectado a MongoDB en: edisoncloud-shard-00-01.ux4si.mongodb.net
2025-12-28 21:02:30 [INFO]: 🚀 MongoDB conectado correctamente
2025-12-28 21:02:46 [INFO]: El servidor está escuchando en el puerto 3000
2025-12-28 21:02:46 [INFO]: Base de datos conectada
2025-12-28 21:02:47 [INFO]: Conexión establecida con la base de datos
2025-12-28 21:02:47 [INFO]: ✅ Mongoose conectado a MongoDB en: edisoncloud-shard-00-00.ux4si.mongodb.net
2025-12-28 21:02:47 [INFO]: 🚀 MongoDB conectado correctamente
2025-12-28 21:02:55 [INFO]: [0mGET /api-docs/ [36m304[0m 4.421 ms - -[0m
2025-12-28 21:02:55 [INFO]: [0mGET /api-docs/swagger-ui.css [36m304[0m 1.755 ms - -[0m
2025-12-28 21:02:55 [INFO]: [0mGET /api-docs/swagger-ui-bundle.js [36m304[0m 3.546 ms - -[0m
2025-12-28 21:02:55 [INFO]: [0mGET /api-docs/swagger-ui-standalone-preset.js [36m304[0m 3.172 ms - -[0m
2025-12-28 21:02:55 [INFO]: [0mGET /api-docs/swagger-ui-init.js [32m200[0m 1.318 ms - -[0m
2025-12-28 21:02:55 [INFO]: [0mGET /api-docs/swagger-ui-standalone-preset.js [36m304[0m 1.643 ms - -[0m
2025-12-28 21:02:55 [INFO]: [0mGET /api-docs/swagger-ui-init.js [32m200[0m 0.676 ms - -[0m
2025-12-28 21:02:55 [INFO]: [0mGET /api-docs/swagger-ui-bundle.js [36m304[0m 1.854 ms - -[0m
2025-12-28 21:02:59 [INFO]: [0mGET /cita/lista [32m200[0m 108.282 ms - 2[0m
2025-12-28 21:03:06 [INFO]: [0mPOST /cita/crear [32m201[0m 379.200 ms - 49[0m
2025-12-28 21:03:09 [INFO]: Base de Datos sincronizadas
2025-12-28 21:03:10 [INFO]: [0mGET /cita/lista [36m304[0m 102.055 ms - -[0m
2025-12-28 21:06:25 [INFO]: El servidor está escuchando en el puerto 3000
2025-12-28 21:06:26 [INFO]: Base de datos conectada
2025-12-28 21:06:26 [INFO]: Conexión establecida con la base de datos
2025-12-28 21:06:27 [INFO]: ✅ Mongoose conectado a MongoDB en: edisoncloud-shard-00-00.ux4si.mongodb.net
2025-12-28 21:06:27 [INFO]: 🚀 MongoDB conectado correctamente
2025-12-28 21:06:38 [INFO]: [0mGET /cita/lista [36m304[0m 121.719 ms - -[0m
2025-12-28 21:06:42 [INFO]: [0mGET /api-docs?id=f0fc19fb-8285-497e-ab96-7b55b75794f7&vscodeBrowserReqId=1766974002427 [36m301[0m 1.397 ms - 235[0m
2025-12-28 21:06:42 [INFO]: [0mGET /api-docs/?id=f0fc19fb-8285-497e-ab96-7b55b75794f7&vscodeBrowserReqId=1766974002427 [32m200[0m 1.681 ms - -[0m
2025-12-28 21:06:50 [INFO]: Base de Datos sincronizadas
2025-12-28 21:07:05 [INFO]: [0mGET /cita/lista [36m304[0m 109.969 ms - -[0m
2025-12-28 21:07:36 [INFO]: El servidor está escuchando en el puerto 3000
2025-12-28 21:07:37 [INFO]: Base de datos conectada
2025-12-28 21:07:37 [INFO]: Conexión establecida con la base de datos
2025-12-28 21:07:38 [INFO]: ✅ Mongoose conectado a MongoDB en: edisoncloud-shard-00-02.ux4si.mongodb.net
2025-12-28 21:07:38 [INFO]: 🚀 MongoDB conectado correctamente
2025-12-28 21:08:13 [INFO]: El servidor está escuchando en el puerto 3000
2025-12-28 21:08:13 [INFO]: Base de datos conectada
2025-12-28 21:08:14 [INFO]: Conexión establecida con la base de datos
2025-12-28 21:08:15 [INFO]: ✅ Mongoose conectado a MongoDB en: edisoncloud-shard-00-01.ux4si.mongodb.net
2025-12-28 21:08:15 [INFO]: 🚀 MongoDB conectado correctamente
2025-12-28 21:08:37 [INFO]: Base de Datos sincronizadas
2025-12-28 21:08:42 [INFO]: [0mGET /cita/lista [32m200[0m 115.988 ms - 2[0m
2025-12-28 21:09:48 [INFO]: [0mGET /cita/lista [32m200[0m 108.531 ms - 2[0m
2025-12-28 21:11:14 [INFO]: [0mGET /cita/lista [36m304[0m 110.380 ms - -[0m
2025-12-28 21:11:30 [INFO]: El servidor está escuchando en el puerto 3000
2025-12-28 21:11:31 [INFO]: Base de datos conectada
2025-12-28 21:11:31 [INFO]: Conexión establecida con la base de datos
2025-12-28 21:11:32 [INFO]: ✅ Mongoose conectado a MongoDB en: edisoncloud-shard-00-02.ux4si.mongodb.net
2025-12-28 21:11:32 [INFO]: 🚀 MongoDB conectado correctamente
2025-12-28 21:11:54 [INFO]: Base de Datos sincronizadas
2025-12-28 21:12:06 [INFO]: El servidor está escuchando en el puerto 3000
2025-12-28 21:12:06 [INFO]: Base de datos conectada
2025-12-28 21:12:07 [INFO]: Conexión establecida con la base de datos
2025-12-28 21:12:07 [INFO]: ✅ Mongoose conectado a MongoDB en: edisoncloud-shard-00-02.ux4si.mongodb.net
2025-12-28 21:12:07 [INFO]: 🚀 MongoDB conectado correctamente
2025-12-28 21:12:30 [INFO]: Base de Datos sincronizadas
2025-12-28 21:12:40 [INFO]: El servidor está escuchando en el puerto 3000
2025-12-28 21:12:40 [INFO]: Base de datos conectada
2025-12-28 21:12:41 [INFO]: Conexión establecida con la base de datos
2025-12-28 21:12:42 [INFO]: ✅ Mongoose conectado a MongoDB en: edisoncloud-shard-00-00.ux4si.mongodb.net
2025-12-28 21:12:42 [INFO]: 🚀 MongoDB conectado correctamente
2025-12-28 21:13:04 [INFO]: Base de Datos sincronizadas
2025-12-28 21:13:36 [INFO]: [0mGET /cita/lista [32m200[0m 1187.562 ms - -[0m
2025-12-28 21:14:12 [INFO]: [0mPUT /cita/actualizar/1 [33m400[0m 12.098 ms - 71[0m
2025-12-28 21:14:31 [INFO]: [0mPUT /cita/actualizar/1 [32m200[0m 382.798 ms - 43[0m
2025-12-28 21:16:51 [INFO]: El servidor está escuchando en el puerto 3000
2025-12-28 21:16:52 [INFO]: Base de datos conectada
2025-12-28 21:16:52 [INFO]: Conexión establecida con la base de datos
2025-12-28 21:16:53 [INFO]: ✅ Mongoose conectado a MongoDB en: edisoncloud-shard-00-02.ux4si.mongodb.net
2025-12-28 21:16:53 [INFO]: 🚀 MongoDB conectado correctamente
2025-12-28 21:17:12 [INFO]: Base de Datos sincronizadas
2025-12-28 21:26:22 [INFO]: [0mPOST /auth/register [32m201[0m 678.090 ms - 189[0m
2025-12-28 21:26:30 [INFO]: [0mPOST /auth/login [32m200[0m 363.630 ms - 183[0m
2025-12-28 21:27:16 [ERROR]: Error al obtener citas del cliente: Error: Unknown column 's.duracionServicio' in 'field list'
2025-12-28 21:27:16 [INFO]: [0mGET /cita/cliente/1 [31m500[0m 96.685 ms - 114[0m
2025-12-28 21:27:17 [WARN]: 404 Not Found: /mascotas/cliente/1
2025-12-28 21:27:17 [WARN]: 404 Not Found: /servicios/lista
2025-12-28 21:27:17 [WARN]: 404 Not Found: /veterinarios/lista
2025-12-28 21:27:18 [INFO]: [0mGET /mascotas/cliente/1 [33m404[0m 1.754 ms - 62[0m
2025-12-28 21:27:18 [INFO]: [0mGET /servicios/lista [33m404[0m 1.223 ms - 62[0m
2025-12-28 21:27:18 [INFO]: [0mGET /veterinarios/lista [33m404[0m 0.959 ms - 62[0m
2025-12-28 21:27:19 [ERROR]: Error al obtener citas del cliente: Error: Unknown column 's.duracionServicio' in 'field list'
2025-12-28 21:27:19 [INFO]: [0mGET /cita/cliente/1 [31m500[0m 95.107 ms - 114[0m
2025-12-28 21:28:16 [ERROR]: Error al obtener citas del cliente: Error: Unknown column 's.duracionServicio' in 'field list'
2025-12-28 21:28:16 [INFO]: [0mGET /cita/cliente/1 [31m500[0m 94.441 ms - 114[0m
2025-12-28 21:28:47 [INFO]: [0mGET /cita/lista [32m200[0m 1393.330 ms - -[0m
2025-12-28 21:29:13 [ERROR]: Error al obtener cita: Error: Unknown column 's.duracionServicio' in 'field list'
2025-12-28 21:29:13 [INFO]: [0mGET /cita/detalle/1 [31m500[0m 295.869 ms - 100[0m
2025-12-28 21:29:37 [INFO]: [0mPOST /cita/crear [32m201[0m 560.489 ms - 49[0m
2025-12-28 21:30:07 [INFO]: [0mDELETE /cita/cancelar/1 [32m200[0m 545.880 ms - 41[0m
2025-12-28 21:32:14 [INFO]: [0mPOST /auth/login [32m200[0m 558.748 ms - 183[0m
2025-12-28 21:32:19 [ERROR]: Error al obtener citas del cliente: Error: Unknown column 's.duracionServicio' in 'field list'
2025-12-28 21:32:19 [INFO]: [0mGET /cita/cliente/1 [31m500[0m 96.269 ms - 114[0m
2025-12-28 21:32:53 [ERROR]: Error al obtener citas del cliente: Error: Unknown column 's.duracionServicio' in 'field list'
2025-12-28 21:32:53 [INFO]: [0mGET /cita/cliente/1 [31m500[0m 94.099 ms - 114[0m
2025-12-28 21:34:41 [INFO]: El servidor está escuchando en el puerto 3000
2025-12-28 21:34:42 [INFO]: Base de datos conectada
2025-12-28 21:34:42 [INFO]: Conexión establecida con la base de datos
2025-12-28 21:34:43 [INFO]: ✅ Mongoose conectado a MongoDB en: edisoncloud-shard-00-02.ux4si.mongodb.net
2025-12-28 21:34:43 [INFO]: 🚀 MongoDB conectado correctamente
2025-12-28 21:35:04 [INFO]: Base de Datos sincronizadas
2025-12-28 21:35:26 [INFO]: [0mGET /cita/cliente/1 [32m200[0m 271.977 ms - 1485[0m
2025-12-28 21:35:42 [INFO]: [0mGET /cita/cliente/1 [32m200[0m 260.431 ms - 1485[0m
2025-12-28 21:36:01 [INFO]: [0mGET /cita/cliente/1 [32m200[0m 258.795 ms - -[0m
2025-12-28 21:36:02 [INFO]: [0mGET /cita/cliente/1 [36m304[0m 258.349 ms - -[0m
2025-12-28 21:36:06 [INFO]: [0mGET /cita/cliente/1 [36m304[0m 258.567 ms - -[0m
2025-12-28 21:37:01 [INFO]: [0mGET /cita/cliente/1 [36m304[0m 259.530 ms - -[0m
2025-12-28 21:37:08 [INFO]: [0mGET /cita/cliente/1 [36m304[0m 259.715 ms - -[0m
2025-12-28 21:37:54 [INFO]: [0mGET /cita/cliente/1 [36m304[0m 257.491 ms - -[0m
2025-12-28 21:38:03 [INFO]: [0mGET /cita/cliente/1 [36m304[0m 259.031 ms - -[0m
2025-12-28 21:38:29 [INFO]: [0mGET /cita/verificar-disponibilidad?fecha=2025-12-29&hora=13:42 [32m200[0m 109.873 ms - 50[0m
2025-12-28 21:38:33 [INFO]: [0mGET /cita/verificar-disponibilidad?fecha=2025-12-29&hora=13:42&idVeterinario=2 [32m200[0m 107.895 ms - 50[0m
2025-12-28 21:38:47 [INFO]: [0mPOST /cita/crear [32m201[0m 405.500 ms - 49[0m
2025-12-28 21:38:49 [INFO]: [0mGET /cita/cliente/1 [32m200[0m 259.215 ms - -[0m
2025-12-28 21:38:54 [INFO]: [0mGET /cita/cliente/1 [36m304[0m 258.987 ms - -[0m
2025-12-28 21:39:37 [INFO]: [0mGET /cita/cliente/1 [36m304[0m 258.972 ms - -[0m
2025-12-28 21:39:42 [INFO]: [0mGET /cita/cliente/1 [36m304[0m 259.430 ms - -[0m
2025-12-28 21:39:46 [INFO]: [0mGET /cita/cliente/1 [36m304[0m 258.590 ms - -[0m
2025-12-28 21:40:02 [INFO]: [0mGET /cita/cliente/1 [36m304[0m 259.894 ms - -[0m
2025-12-28 21:40:15 [ERROR]: Error al reprogramar cita: SequelizeDatabaseError: Incorrect datetime value: 'Invalid date' for column `Petpoket`.`citas`.`fecha` at row 1
2025-12-28 21:40:15 [INFO]: [0mPUT /cita/reprogramar/9 [31m500[0m 318.791 ms - 140[0m
2025-12-28 21:40:20 [INFO]: [0mPUT /cita/reprogramar/9 [32m200[0m 371.293 ms - 126[0m
2025-12-28 21:40:21 [INFO]: [0mGET /cita/cliente/1 [32m200[0m 261.483 ms - -[0m
2025-12-28 21:42:01 [INFO]: El servidor está escuchando en el puerto 3000
2025-12-28 21:42:01 [INFO]: Base de datos conectada
2025-12-28 21:42:02 [INFO]: Conexión establecida con la base de datos
2025-12-28 21:42:02 [INFO]: ✅ Mongoose conectado a MongoDB en: edisoncloud-shard-00-01.ux4si.mongodb.net
2025-12-28 21:42:02 [INFO]: 🚀 MongoDB conectado correctamente
2025-12-28 21:42:18 [INFO]: El servidor está escuchando en el puerto 3000
2025-12-28 21:42:18 [INFO]: Base de datos conectada
2025-12-28 21:42:19 [INFO]: Conexión establecida con la base de datos
2025-12-28 21:42:20 [INFO]: ✅ Mongoose conectado a MongoDB en: edisoncloud-shard-00-00.ux4si.mongodb.net
2025-12-28 21:42:20 [INFO]: 🚀 MongoDB conectado correctamente
2025-12-28 21:43:07 [INFO]: El servidor está escuchando en el puerto 3000
2025-12-28 21:43:07 [INFO]: Base de datos conectada
2025-12-28 21:43:08 [INFO]: Conexión establecida con la base de datos
2025-12-28 21:43:08 [INFO]: ✅ Mongoose conectado a MongoDB en: edisoncloud-shard-00-00.ux4si.mongodb.net
2025-12-28 21:43:08 [INFO]: 🚀 MongoDB conectado correctamente
2025-12-28 21:43:11 [INFO]: [0mGET /cita/cliente/1 [32m200[0m 1191.952 ms - 2212[0m
2025-12-28 21:43:27 [INFO]: [0mGET /cita/cliente/1 [32m200[0m 252.041 ms - -[0m
2025-12-28 21:43:28 [INFO]: Base de Datos sincronizadas
2025-12-28 21:43:40 [INFO]: [0mGET /cita/verificar-disponibilidad?fecha=2025-12-29&hora=14:48 [32m200[0m 100.168 ms - 50[0m
2025-12-28 21:43:42 [INFO]: [0mGET /cita/verificar-disponibilidad?fecha=2025-12-29&hora=14:48&idVeterinario=4 [32m200[0m 99.666 ms - 50[0m
2025-12-28 21:43:55 [INFO]: [0mPOST /cita/crear [32m201[0m 374.197 ms - 50[0m
2025-12-28 21:43:57 [INFO]: [0mGET /cita/cliente/1 [32m200[0m 252.827 ms - -[0m
2025-12-28 21:44:39 [INFO]: El servidor está escuchando en el puerto 3000
2025-12-28 21:44:39 [INFO]: Base de datos conectada
2025-12-28 21:44:40 [INFO]: Conexión establecida con la base de datos
2025-12-28 21:44:41 [INFO]: ✅ Mongoose conectado a MongoDB en: edisoncloud-shard-00-01.ux4si.mongodb.net
2025-12-28 21:44:41 [INFO]: 🚀 MongoDB conectado correctamente
2025-12-28 21:44:52 [INFO]: [0mGET /cita/cliente/1 [32m200[0m 264.445 ms - 1792[0m
2025-12-28 21:44:59 [INFO]: [0mGET /cita/cliente/1 [32m200[0m 251.712 ms - -[0m
2025-12-28 21:45:03 [INFO]: Base de Datos sincronizadas
2025-12-28 21:45:10 [INFO]: [0mGET /cita/cliente/1 [32m200[0m 250.241 ms - 1792[0m
2025-12-28 21:45:49 [INFO]: [0mGET /cita/cliente/1 [36m304[0m 249.825 ms - -[0m
2025-12-28 21:47:37 [INFO]: [0mGET /cita/cliente/1 [36m304[0m 252.991 ms - -[0m
2025-12-28 21:47:44 [INFO]: [0mPUT /cita/cambiar-estado/9 [33m400[0m 9.645 ms - 89[0m
2025-12-28 21:48:14 [INFO]: [0mGET /cita/cliente/1 [36m304[0m 248.459 ms - -[0m
2025-12-28 21:48:23 [INFO]: [0mGET /cita/cliente/1 [36m304[0m 247.620 ms - -[0m
2025-12-28 21:48:31 [INFO]: [0mPUT /cita/cambiar-estado/9 [33m400[0m 1.348 ms - 89[0m
2025-12-28 21:48:54 [INFO]: [0mGET /cita/cliente/1 [36m304[0m 247.399 ms - -[0m
2025-12-28 21:48:56 [INFO]: [0mPUT /cita/cambiar-estado/9 [32m200[0m 396.404 ms - 66[0m
2025-12-28 21:48:59 [INFO]: [0mGET /cita/cliente/1 [32m200[0m 249.531 ms - -[0m
2025-12-28 21:49:05 [INFO]: [0mDELETE /cita/cancelar/9 [32m200[0m 264.283 ms - 41[0m
2025-12-28 21:49:06 [INFO]: [0mGET /cita/cliente/1 [32m200[0m 248.590 ms - -[0m
2025-12-28 21:49:13 [INFO]: [0mDELETE /cita/cancelar/10 [32m200[0m 266.131 ms - 41[0m
2025-12-28 21:49:15 [INFO]: [0mGET /cita/cliente/1 [32m200[0m 250.038 ms - 923[0m
2025-12-28 21:49:20 [INFO]: [0mDELETE /cita/cancelar/2 [32m200[0m 265.186 ms - 41[0m
2025-12-28 21:49:21 [INFO]: [0mGET /cita/cliente/1 [32m200[0m 251.336 ms - 462[0m
2025-12-28 21:57:48 [INFO]: El servidor está escuchando en el puerto 3000
2025-12-28 21:57:49 [INFO]: Base de datos conectada
2025-12-28 21:57:49 [INFO]: Conexión establecida con la base de datos
2025-12-28 21:57:50 [INFO]: ✅ Mongoose conectado a MongoDB en: edisoncloud-shard-00-02.ux4si.mongodb.net
2025-12-28 21:57:50 [INFO]: 🚀 MongoDB conectado correctamente
2025-12-28 21:58:12 [INFO]: Base de Datos sincronizadas
2025-12-28 22:01:43 [INFO]: El servidor está escuchando en el puerto 3000
2025-12-28 22:01:44 [INFO]: Base de datos conectada
2025-12-28 22:01:44 [INFO]: Conexión establecida con la base de datos
2025-12-28 22:01:45 [INFO]: ✅ Mongoose conectado a MongoDB en: edisoncloud-shard-00-00.ux4si.mongodb.net
2025-12-28 22:01:45 [INFO]: 🚀 MongoDB conectado correctamente
